<?xml version="1.0" encoding="UTF-8"?>
<!-- Generated by org.testng.reporters.JUnitReportReporter -->
<testsuite hostname="WIN-LIPGHI3H7B3" failures="0" tests="1" name="pojoFramework.POJO_NestedArray$CreateNestedJSONFromPojoClass" time="0.199" errors="0" timestamp="2024-06-12T21:24:15 PDT" skipped="0">
  <testcase classname="pojoFramework.POJO_NestedArray$CreateNestedJSONFromPojoClass" name="test1" time="0.199"/>
  <system-out/>
</testsuite> <!-- pojoFramework.POJO_NestedArray$CreateNestedJSONFromPojoClass -->
