<?xml version="1.0" encoding="UTF-8"?>
<!-- Generated by org.testng.reporters.JUnitReportReporter -->
<testsuite hostname="WIN-LIPGHI3H7B3" failures="0" tests="1" name="Test2.GetData" time="2.489" errors="0" timestamp="2024-06-11T04:45:06 PDT" skipped="0">
  <testcase classname="Test2.GetData" name="getreq" time="2.489"/>
  <system-out/>
</testsuite> <!-- Test2.GetData -->
