<?xml version="1.0" encoding="UTF-8"?>
<!-- Generated by org.testng.reporters.JUnitReportReporter -->
<testsuite hostname="WIN-LIPGHI3H7B3" failures="0" tests="1" name="TestRestAssured.restAssured.postTest" time="2.180" errors="0" timestamp="2024-06-11T02:43:39 PDT" skipped="0">
  <testcase classname="TestRestAssured.restAssured.postTest" name="test1" time="2.180"/>
  <system-out/>
</testsuite> <!-- TestRestAssured.restAssured.postTest -->
