<?xml version="1.0" encoding="UTF-8"?>
<!-- Generated by org.testng.reporters.JUnitReportReporter -->
<testsuite hostname="WIN-LIPGHI3H7B3" failures="0" tests="1" name="pojoFramework.POJOClass" time="0.144" errors="0" timestamp="2024-06-12T00:26:20 PDT" skipped="0">
  <testcase classname="pojoFramework.POJOClass" name="BadmintonJsonFromPOJOClass" time="0.144"/>
  <system-out/>
</testsuite> <!-- pojoFramework.POJOClass -->
