<?xml version="1.0" encoding="UTF-8"?>
<!-- Generated by org.testng.reporters.JUnitReportReporter -->
<testsuite hostname="WIN-LIPGHI3H7B3" failures="0" tests="8" name="TestRestAssured.restAssured.Response_Spec" time="6.122" errors="0" timestamp="2024-06-12T21:16:50 PDT" skipped="0">
  <testcase classname="TestRestAssured.restAssured.Response_Spec" name="testNoOfCircuits_DataDriven" time="0.576"/>
  <system-out/>
  <testcase classname="TestRestAssured.restAssured.Response_Spec" name="test_ResponseHeaderData" time="0.504"/>
  <system-out/>
  <testcase classname="TestRestAssured.restAssured.Response_Spec" name="testNoOfCircuits_DataDriven" time="2.429"/>
  <system-out/>
  <testcase classname="TestRestAssured.restAssured.Response_Spec" name="test_NumberOfCircuits" time="0.497"/>
  <system-out/>
  <testcase classname="TestRestAssured.restAssured.Response_Spec" name="test_NoOfCircuitsParametrized" time="0.510"/>
  <system-out/>
  <testcase classname="TestRestAssured.restAssured.Response_Spec" name="testNoOfCircuits_DataDriven" time="0.540"/>
  <system-out/>
  <testcase classname="TestRestAssured.restAssured.Response_Spec" name="testNoOfCircuits_DataDriven" time="0.564"/>
  <system-out/>
  <testcase classname="TestRestAssured.restAssured.Response_Spec" name="test_noOfCircuitsUsingResSpec" time="0.502"/>
  <system-out/>
</testsuite> <!-- TestRestAssured.restAssured.Response_Spec -->
