<?xml version="1.0" encoding="UTF-8"?>
<!-- Generated by org.testng.reporters.JUnitReportReporter -->
<testsuite hostname="WIN-LIPGHI3H7B3" failures="0" tests="1" name="pojoFramework.POJOClass_Array" time="0.143" errors="0" timestamp="2024-06-12T02:53:33 PDT" skipped="0">
  <testcase classname="pojoFramework.POJOClass_Array" name="CreateList" time="0.143"/>
  <system-out/>
</testsuite> <!-- pojoFramework.POJOClass_Array -->
