<?xml version="1.0" encoding="UTF-8"?>
<!-- Generated by org.testng.reporters.JUnitReportReporter -->
<testsuite hostname="WIN-LIPGHI3H7B3" failures="0" tests="2" name="TestRestAssured.restAssured.getTest" time="1.492" errors="0" timestamp="2024-06-11T01:59:59 PDT" skipped="0">
  <testcase classname="TestRestAssured.restAssured.getTest" name="responsevalidtaion" time="0.380"/>
  <system-out/>
  <testcase classname="TestRestAssured.restAssured.getTest" name="getreq" time="1.112"/>
  <system-out/>
</testsuite> <!-- TestRestAssured.restAssured.getTest -->
