<?xml version="1.0" encoding="UTF-8"?>
<!-- Generated by org.testng.reporters.JUnitReportReporter -->
<testsuite hostname="WIN-LIPGHI3H7B3" failures="0" tests="1" name="TestRestAssured.restAssured.extractExample" time="3.627" errors="0" timestamp="2024-06-11T22:30:46 PDT" skipped="0">
  <testcase classname="TestRestAssured.restAssured.extractExample" name="test_circuit" time="3.627"/>
  <system-out/>
</testsuite> <!-- TestRestAssured.restAssured.extractExample -->
