<?xml version="1.0" encoding="UTF-8"?>
<!-- Generated by org.testng.reporters.JUnitReportReporter -->
<testsuite hostname="WIN-LIPGHI3H7B3" failures="0" tests="1" name="Test2.Post_Login_Getlogin_Get_Account" time="5.194" errors="0" timestamp="2024-06-11T22:33:13 PDT" skipped="0">
  <testcase classname="Test2.Post_Login_Getlogin_Get_Account" name="login" time="5.194"/>
  <system-out/>
</testsuite> <!-- Test2.Post_Login_Getlogin_Get_Account -->
