<?xml version="1.0" encoding="UTF-8"?>
<!-- Generated by org.testng.reporters.JUnitReportReporter -->
<testsuite hostname="WIN-LIPGHI3H7B3" failures="0" tests="1" name="TestRestAssured.restAssured.Grapgh_QL" time="2.166" errors="0" timestamp="2024-06-13T02:45:55 PDT" skipped="0">
  <testcase classname="TestRestAssured.restAssured.Grapgh_QL" name="testgraphql" time="2.166"/>
  <system-out/>
</testsuite> <!-- TestRestAssured.restAssured.Grapgh_QL -->
