<?xml version="1.0" encoding="UTF-8"?>
<!-- Generated by org.testng.reporters.JUnitReportReporter -->
<testsuite hostname="WIN-LIPGHI3H7B3" failures="0" tests="1" name="TestRestAssured.restAssured.postwithPayload" time="2.158" errors="0" timestamp="2024-06-11T02:44:40 PDT" skipped="0">
  <testcase classname="TestRestAssured.restAssured.postwithPayload" name="test1" time="2.158"/>
  <system-out/>
</testsuite> <!-- TestRestAssured.restAssured.postwithPayload -->
