<?xml version="1.0" encoding="UTF-8"?>
<!-- Generated by org.testng.reporters.JUnitReportReporter -->
<testsuite hostname="WIN-LIPGHI3H7B3" failures="0" tests="2" name="TestRestAssured.restAssured.Circuit" time="3.079" errors="0" timestamp="2024-06-11T23:07:34 PDT" skipped="0">
  <testcase classname="TestRestAssured.restAssured.Circuit" name="Test1" time="0.536"/>
  <system-out/>
  <testcase classname="TestRestAssured.restAssured.Circuit" name="Test1" time="2.543"/>
  <system-out/>
</testsuite> <!-- TestRestAssured.restAssured.Circuit -->
